<?xml version="1.0" encoding="utf-8" standalone="no"?>
<test-run id="2" testcasecount="13" result="Passed" total="13" passed="13" failed="0" inconclusive="0" skipped="0" asserts="56" engine-version="3.2.0.0" clr-version="4.0.30319.42000" start-time="2016-03-09 12:32:25Z" end-time="2016-03-09 12:32:27Z" duration="1.939043">
  <command-line><![CDATA[nunit-console.exe  "..\..\..\src\4. Test\UnitTest\bin\Debug\OMP.UnitTest.dll"]]></command-line>
  <test-suite type="Assembly" id="0-1028" name="OMP.UnitTest.dll" fullname="C:\dev\omp\src\4. Test\UnitTest\bin\Debug\OMP.UnitTest.dll" runstate="Runnable" testcasecount="13" result="Passed" start-time="2016-03-09 12:32:25Z" end-time="2016-03-09 12:32:27Z" duration="1.833571" total="13" passed="13" failed="0" inconclusive="0" skipped="0" asserts="56">
    <environment framework-version="3.2.0.0" clr-version="4.0.30319.42000" os-version="Microsoft Windows NT 6.1.7601 Service Pack 1" platform="Win32NT" cwd="C:\dev\omp\tools\NUnit.ConsoleRunner.3.2.0\tools" machine-name="HO-NT-VMMHW2K81" user="michael.hook" user-domain="PALMERHARVEY" culture="en-GB" uiculture="en-US" os-architecture="x64" />
    <settings>
      <setting name="WorkDirectory" value="C:\dev\omp\tools\NUnit.ConsoleRunner.3.2.0\tools" />
      <setting name="ImageRuntimeVersion" value="4.0.30319" />
      <setting name="ImageTargetFrameworkName" value=".NETFramework,Version=v4.5.2" />
      <setting name="ImageRequiresX86" value="False" />
      <setting name="ImageRequiresDefaultAppDomainAssemblyResolver" value="False" />
      <setting name="NumberOfTestWorkers" value="4" />
    </settings>
    <properties>
      <property name="_PID" value="18596" />
      <property name="_APPDOMAIN" value="test-domain-" />
    </properties>
    <test-suite type="TestSuite" id="0-1029" name="OMP" fullname="OMP" runstate="Runnable" testcasecount="13" result="Passed" start-time="2016-03-09 12:32:25Z" end-time="2016-03-09 12:32:27Z" duration="1.824749" total="13" passed="13" failed="0" inconclusive="0" skipped="0" asserts="56">
      <test-suite type="TestSuite" id="0-1030" name="UnitTest" fullname="OMP.UnitTest" runstate="Runnable" testcasecount="13" result="Passed" start-time="2016-03-09 12:32:25Z" end-time="2016-03-09 12:32:27Z" duration="1.824621" total="13" passed="13" failed="0" inconclusive="0" skipped="0" asserts="56">
        <test-suite type="TestSuite" id="0-1033" name="ACL" fullname="OMP.UnitTest.ACL" runstate="Runnable" testcasecount="11" result="Passed" start-time="2016-03-09 12:32:25Z" end-time="2016-03-09 12:32:27Z" duration="1.374865" total="11" passed="11" failed="0" inconclusive="0" skipped="0" asserts="54">
          <test-suite type="TestSuite" id="0-1034" name="ASNProcess" fullname="OMP.UnitTest.ACL.ASNProcess" runstate="Runnable" testcasecount="10" result="Passed" start-time="2016-03-09 12:32:25Z" end-time="2016-03-09 12:32:26Z" duration="0.787271" total="10" passed="10" failed="0" inconclusive="0" skipped="0" asserts="53">
            <test-suite type="TestFixture" id="0-1005" name="ASNImportServiceTests" fullname="OMP.UnitTest.ACL.ASNProcess.ASNImportServiceTests" classname="OMP.UnitTest.ACL.ASNProcess.ASNImportServiceTests" runstate="Runnable" testcasecount="0" result="Passed" start-time="2016-03-09 12:32:25Z" end-time="2016-03-09 12:32:25Z" duration="0.001818" total="0" passed="0" failed="0" inconclusive="0" skipped="0" asserts="0" />
            <test-suite type="TestFixture" id="0-1011" name="ASNImportServiceTests+TheDoesOrderExistInOMPMethod" fullname="OMP.UnitTest.ACL.ASNProcess.ASNImportServiceTests+TheDoesOrderExistInOMPMethod" classname="OMP.UnitTest.ACL.ASNProcess.ASNImportServiceTests+TheDoesOrderExistInOMPMethod" runstate="Runnable" testcasecount="2" result="Passed" start-time="2016-03-09 12:32:25Z" end-time="2016-03-09 12:32:26Z" duration="0.612500" total="2" passed="2" failed="0" inconclusive="0" skipped="0" asserts="0">
              <test-case id="0-1013" name="ShouldReturnFalseWhenOrderDoesNotExists" fullname="OMP.UnitTest.ACL.ASNProcess.ASNImportServiceTests+TheDoesOrderExistInOMPMethod.ShouldReturnFalseWhenOrderDoesNotExists" methodname="ShouldReturnFalseWhenOrderDoesNotExists" classname="OMP.UnitTest.ACL.ASNProcess.ASNImportServiceTests+TheDoesOrderExistInOMPMethod" runstate="Runnable" seed="212386315" result="Passed" start-time="2016-03-09 12:32:25Z" end-time="2016-03-09 12:32:26Z" duration="0.604313" asserts="0" />
              <test-case id="0-1012" name="ShouldReturnTrueWhenOrderExists" fullname="OMP.UnitTest.ACL.ASNProcess.ASNImportServiceTests+TheDoesOrderExistInOMPMethod.ShouldReturnTrueWhenOrderExists" methodname="ShouldReturnTrueWhenOrderExists" classname="OMP.UnitTest.ACL.ASNProcess.ASNImportServiceTests+TheDoesOrderExistInOMPMethod" runstate="Runnable" seed="1553621128" result="Passed" start-time="2016-03-09 12:32:26Z" end-time="2016-03-09 12:32:26Z" duration="0.000456" asserts="0" />
            </test-suite>
            <test-suite type="TestFixture" id="0-1022" name="ASNImportServiceTests+TheGetMatchedOrderLinesMethod" fullname="OMP.UnitTest.ACL.ASNProcess.ASNImportServiceTests+TheGetMatchedOrderLinesMethod" classname="OMP.UnitTest.ACL.ASNProcess.ASNImportServiceTests+TheGetMatchedOrderLinesMethod" runstate="Runnable" testcasecount="1" result="Passed" start-time="2016-03-09 12:32:26Z" end-time="2016-03-09 12:32:26Z" duration="0.027178" total="1" passed="1" failed="0" inconclusive="0" skipped="0" asserts="3">
              <test-case id="0-1023" name="ShouldReturnMatchedOrderLines" fullname="OMP.UnitTest.ACL.ASNProcess.ASNImportServiceTests+TheGetMatchedOrderLinesMethod.ShouldReturnMatchedOrderLines" methodname="ShouldReturnMatchedOrderLines" classname="OMP.UnitTest.ACL.ASNProcess.ASNImportServiceTests+TheGetMatchedOrderLinesMethod" runstate="Runnable" seed="292299438" result="Passed" start-time="2016-03-09 12:32:26Z" end-time="2016-03-09 12:32:26Z" duration="0.026602" asserts="3" />
            </test-suite>
            <test-suite type="TestFixture" id="0-1017" name="ASNImportServiceTests+TheGetOrderNumberMethod" fullname="OMP.UnitTest.ACL.ASNProcess.ASNImportServiceTests+TheGetOrderNumberMethod" classname="OMP.UnitTest.ACL.ASNProcess.ASNImportServiceTests+TheGetOrderNumberMethod" runstate="Runnable" testcasecount="2" result="Passed" start-time="2016-03-09 12:32:26Z" end-time="2016-03-09 12:32:26Z" duration="0.113849" total="2" passed="2" failed="0" inconclusive="0" skipped="0" asserts="2">
              <test-case id="0-1019" name="ShouldLogAndReturnMinusOneIfNotNumber" fullname="OMP.UnitTest.ACL.ASNProcess.ASNImportServiceTests+TheGetOrderNumberMethod.ShouldLogAndReturnMinusOneIfNotNumber" methodname="ShouldLogAndReturnMinusOneIfNotNumber" classname="OMP.UnitTest.ACL.ASNProcess.ASNImportServiceTests+TheGetOrderNumberMethod" runstate="Runnable" seed="1554169190" result="Passed" start-time="2016-03-09 12:32:26Z" end-time="2016-03-09 12:32:26Z" duration="0.112367" asserts="1" />
              <test-case id="0-1018" name="ShouldReturnTheCorrectNumber" fullname="OMP.UnitTest.ACL.ASNProcess.ASNImportServiceTests+TheGetOrderNumberMethod.ShouldReturnTheCorrectNumber" methodname="ShouldReturnTheCorrectNumber" classname="OMP.UnitTest.ACL.ASNProcess.ASNImportServiceTests+TheGetOrderNumberMethod" runstate="Runnable" seed="173340171" result="Passed" start-time="2016-03-09 12:32:26Z" end-time="2016-03-09 12:32:26Z" duration="0.000471" asserts="1" />
            </test-suite>
            <test-suite type="TestFixture" id="0-1020" name="ASNImportServiceTests+TheGetWebAccountNameMethod" fullname="OMP.UnitTest.ACL.ASNProcess.ASNImportServiceTests+TheGetWebAccountNameMethod" classname="OMP.UnitTest.ACL.ASNProcess.ASNImportServiceTests+TheGetWebAccountNameMethod" runstate="Runnable" testcasecount="1" result="Passed" start-time="2016-03-09 12:32:26Z" end-time="2016-03-09 12:32:26Z" duration="0.002650" total="1" passed="1" failed="0" inconclusive="0" skipped="0" asserts="1">
              <test-case id="0-1021" name="ShouldReturnWebAccountName" fullname="OMP.UnitTest.ACL.ASNProcess.ASNImportServiceTests+TheGetWebAccountNameMethod.ShouldReturnWebAccountName" methodname="ShouldReturnWebAccountName" classname="OMP.UnitTest.ACL.ASNProcess.ASNImportServiceTests+TheGetWebAccountNameMethod" runstate="Runnable" seed="2055237640" result="Passed" start-time="2016-03-09 12:32:26Z" end-time="2016-03-09 12:32:26Z" duration="0.000994" asserts="1" />
            </test-suite>
            <test-suite type="TestFixture" id="0-1014" name="ASNImportServiceTests+TheIsHeaderLineMethod" fullname="OMP.UnitTest.ACL.ASNProcess.ASNImportServiceTests+TheIsHeaderLineMethod" classname="OMP.UnitTest.ACL.ASNProcess.ASNImportServiceTests+TheIsHeaderLineMethod" runstate="Runnable" testcasecount="2" result="Passed" start-time="2016-03-09 12:32:26Z" end-time="2016-03-09 12:32:26Z" duration="0.003632" total="2" passed="2" failed="0" inconclusive="0" skipped="0" asserts="2">
              <test-case id="0-1016" name="ShouldReturnFalseIfNotStartsWithH" fullname="OMP.UnitTest.ACL.ASNProcess.ASNImportServiceTests+TheIsHeaderLineMethod.ShouldReturnFalseIfNotStartsWithH" methodname="ShouldReturnFalseIfNotStartsWithH" classname="OMP.UnitTest.ACL.ASNProcess.ASNImportServiceTests+TheIsHeaderLineMethod" runstate="Runnable" seed="591261833" result="Passed" start-time="2016-03-09 12:32:26Z" end-time="2016-03-09 12:32:26Z" duration="0.001518" asserts="1" />
              <test-case id="0-1015" name="ShouldReturnTrueIfStartsWithH" fullname="OMP.UnitTest.ACL.ASNProcess.ASNImportServiceTests+TheIsHeaderLineMethod.ShouldReturnTrueIfStartsWithH" methodname="ShouldReturnTrueIfStartsWithH" classname="OMP.UnitTest.ACL.ASNProcess.ASNImportServiceTests+TheIsHeaderLineMethod" runstate="Runnable" seed="1658039280" result="Passed" start-time="2016-03-09 12:32:26Z" end-time="2016-03-09 12:32:26Z" duration="0.001360" asserts="1" />
            </test-suite>
            <test-suite type="TestFixture" id="0-1006" name="ExtensionsTests" fullname="OMP.UnitTest.ACL.ASNProcess.ExtensionsTests" classname="OMP.UnitTest.ACL.ASNProcess.ExtensionsTests" runstate="Runnable" testcasecount="0" result="Passed" start-time="2016-03-09 12:32:26Z" end-time="2016-03-09 12:32:26Z" duration="0.000048" total="0" passed="0" failed="0" inconclusive="0" skipped="0" asserts="0" />
            <test-suite type="TestFixture" id="0-1024" name="ExtensionsTests+TheTryCopyHeaderToMethod" fullname="OMP.UnitTest.ACL.ASNProcess.ExtensionsTests+TheTryCopyHeaderToMethod" classname="OMP.UnitTest.ACL.ASNProcess.ExtensionsTests+TheTryCopyHeaderToMethod" runstate="Runnable" testcasecount="1" result="Passed" start-time="2016-03-09 12:32:26Z" end-time="2016-03-09 12:32:26Z" duration="0.012679" total="1" passed="1" failed="0" inconclusive="0" skipped="0" asserts="18">
              <test-case id="0-1025" name="ShouldMapHeaderToAdvanceShippingNoteHeader" fullname="OMP.UnitTest.ACL.ASNProcess.ExtensionsTests+TheTryCopyHeaderToMethod.ShouldMapHeaderToAdvanceShippingNoteHeader" methodname="ShouldMapHeaderToAdvanceShippingNoteHeader" classname="OMP.UnitTest.ACL.ASNProcess.ExtensionsTests+TheTryCopyHeaderToMethod" runstate="Runnable" seed="1196887609" result="Passed" start-time="2016-03-09 12:32:26Z" end-time="2016-03-09 12:32:26Z" duration="0.012322" asserts="18" />
            </test-suite>
            <test-suite type="TestFixture" id="0-1026" name="ExtensionsTests+TheTryCopyLineToMethod" fullname="OMP.UnitTest.ACL.ASNProcess.ExtensionsTests+TheTryCopyLineToMethod" classname="OMP.UnitTest.ACL.ASNProcess.ExtensionsTests+TheTryCopyLineToMethod" runstate="Runnable" testcasecount="1" result="Passed" start-time="2016-03-09 12:32:26Z" end-time="2016-03-09 12:32:26Z" duration="0.007411" total="1" passed="1" failed="0" inconclusive="0" skipped="0" asserts="27">
              <test-case id="0-1027" name="ShouldMapLineToAdvanceShippingNoteLine" fullname="OMP.UnitTest.ACL.ASNProcess.ExtensionsTests+TheTryCopyLineToMethod.ShouldMapLineToAdvanceShippingNoteLine" methodname="ShouldMapLineToAdvanceShippingNoteLine" classname="OMP.UnitTest.ACL.ASNProcess.ExtensionsTests+TheTryCopyLineToMethod" runstate="Runnable" seed="787650010" result="Passed" start-time="2016-03-09 12:32:26Z" end-time="2016-03-09 12:32:26Z" duration="0.006928" asserts="27" />
            </test-suite>
          </test-suite>
          <test-suite type="TestFixture" id="0-1003" name="DependencyRegistrarTests" fullname="OMP.UnitTest.ACL.DependencyRegistrarTests" classname="OMP.UnitTest.ACL.DependencyRegistrarTests" runstate="Runnable" testcasecount="1" result="Passed" start-time="2016-03-09 12:32:26Z" end-time="2016-03-09 12:32:27Z" duration="0.587462" total="1" passed="1" failed="0" inconclusive="0" skipped="0" asserts="1">
            <test-case id="0-1004" name="WhenGettingApiControllers_ThenAllServicesAreRegistered" fullname="OMP.UnitTest.ACL.DependencyRegistrarTests.WhenGettingApiControllers_ThenAllServicesAreRegistered" methodname="WhenGettingApiControllers_ThenAllServicesAreRegistered" classname="OMP.UnitTest.ACL.DependencyRegistrarTests" runstate="Runnable" seed="1396928079" result="Passed" start-time="2016-03-09 12:32:26Z" end-time="2016-03-09 12:32:27Z" duration="0.586921" asserts="1" />
          </test-suite>
        </test-suite>
        <test-suite type="TestSuite" id="0-1032" name="Domain" fullname="OMP.UnitTest.Domain" runstate="Runnable" testcasecount="0" result="Passed" start-time="2016-03-09 12:32:25Z" end-time="2016-03-09 12:32:27Z" duration="1.373895" total="0" passed="0" failed="0" inconclusive="0" skipped="0" asserts="0">
          <test-suite type="TestFixture" id="0-1002" name="AdvancedShippingNoteHeaderTests" fullname="OMP.UnitTest.Domain.AdvancedShippingNoteHeaderTests" classname="OMP.UnitTest.Domain.AdvancedShippingNoteHeaderTests" runstate="Runnable" testcasecount="0" result="Passed" start-time="2016-03-09 12:32:27Z" end-time="2016-03-09 12:32:27Z" duration="0.000063" total="0" passed="0" failed="0" inconclusive="0" skipped="0" asserts="0" />
        </test-suite>
        <test-suite type="TestSuite" id="0-1031" name="Infrastructure" fullname="OMP.UnitTest.Infrastructure" runstate="Runnable" testcasecount="2" result="Passed" start-time="2016-03-09 12:32:25Z" end-time="2016-03-09 12:32:27Z" duration="1.823162" total="2" passed="2" failed="0" inconclusive="0" skipped="0" asserts="2">
          <test-suite type="TestFixture" id="0-1000" name="AdvanceShippingNoteRepositoryTests" fullname="OMP.UnitTest.Infrastructure.AdvanceShippingNoteRepositoryTests" classname="OMP.UnitTest.Infrastructure.AdvanceShippingNoteRepositoryTests" runstate="Runnable" testcasecount="0" result="Passed" start-time="2016-03-09 12:32:27Z" end-time="2016-03-09 12:32:27Z" duration="0.000031" total="0" passed="0" failed="0" inconclusive="0" skipped="0" asserts="0" />
          <test-suite type="TestFixture" id="0-1007" name="AdvanceShippingNoteRepositoryTests+TheSaveMethod" fullname="OMP.UnitTest.Infrastructure.AdvanceShippingNoteRepositoryTests+TheSaveMethod" classname="OMP.UnitTest.Infrastructure.AdvanceShippingNoteRepositoryTests+TheSaveMethod" runstate="Runnable" testcasecount="1" result="Passed" start-time="2016-03-09 12:32:27Z" end-time="2016-03-09 12:32:27Z" duration="0.426398" total="1" passed="1" failed="0" inconclusive="0" skipped="0" asserts="2">
            <test-case id="0-1008" name="ShouldSaveTheAdvanceShippingNote" fullname="OMP.UnitTest.Infrastructure.AdvanceShippingNoteRepositoryTests+TheSaveMethod.ShouldSaveTheAdvanceShippingNote" methodname="ShouldSaveTheAdvanceShippingNote" classname="OMP.UnitTest.Infrastructure.AdvanceShippingNoteRepositoryTests+TheSaveMethod" runstate="Runnable" seed="17143493" result="Passed" start-time="2016-03-09 12:32:27Z" end-time="2016-03-09 12:32:27Z" duration="0.425798" asserts="2" />
          </test-suite>
          <test-suite type="TestFixture" id="0-1001" name="OrderRepositoryTests" fullname="OMP.UnitTest.Infrastructure.OrderRepositoryTests" classname="OMP.UnitTest.Infrastructure.OrderRepositoryTests" runstate="Runnable" testcasecount="0" result="Passed" start-time="2016-03-09 12:32:27Z" end-time="2016-03-09 12:32:27Z" duration="0.000093" total="0" passed="0" failed="0" inconclusive="0" skipped="0" asserts="0" />
          <test-suite type="TestFixture" id="0-1009" name="OrderRepositoryTests+GetByWebAccountNameAndOrderNumberMethod" fullname="OMP.UnitTest.Infrastructure.OrderRepositoryTests+GetByWebAccountNameAndOrderNumberMethod" classname="OMP.UnitTest.Infrastructure.OrderRepositoryTests+GetByWebAccountNameAndOrderNumberMethod" runstate="Runnable" testcasecount="1" result="Passed" start-time="2016-03-09 12:32:27Z" end-time="2016-03-09 12:32:27Z" duration="0.022469" total="1" passed="1" failed="0" inconclusive="0" skipped="0" asserts="0">
            <test-case id="0-1010" name="ShouldReturnTheOrder" fullname="OMP.UnitTest.Infrastructure.OrderRepositoryTests+GetByWebAccountNameAndOrderNumberMethod.ShouldReturnTheOrder" methodname="ShouldReturnTheOrder" classname="OMP.UnitTest.Infrastructure.OrderRepositoryTests+GetByWebAccountNameAndOrderNumberMethod" runstate="Runnable" seed="2113917196" result="Passed" start-time="2016-03-09 12:32:27Z" end-time="2016-03-09 12:32:27Z" duration="0.021494" asserts="0" />
          </test-suite>
        </test-suite>
      </test-suite>
    </test-suite>
  </test-suite>
</test-run>